This is pdfTeX, Version 3.14159265-2.6-1.40.16 (TeX Live 2015/Debian) (preloaded format=pdflatex 2017.8.26)  17 JAN 2018 23:09
entering extended mode
 restricted \write18 enabled.
 %&-line parsing enabled.
**SRoRM.tex
(./SRoRM.tex
LaTeX2e <2016/02/01>
Babel <3.9q> and hyphenation patterns for 81 language(s) loaded.
(./prmb.tex (./interact.cls
Document Class: interact 2016/10/17 v1.03 Interact LaTeX document class
(/usr/share/texlive/texmf-dist/tex/latex/base/article.cls
Document Class: article 2014/09/29 v1.4h Standard LaTeX document class
(/usr/share/texlive/texmf-dist/tex/latex/base/size11.clo
File: size11.clo 2014/09/29 v1.4h Standard LaTeX file (size option)
)
\c@part=\count79
\c@section=\count80
\c@subsection=\count81
\c@subsubsection=\count82
\c@paragraph=\count83
\c@subparagraph=\count84
\c@figure=\count85
\c@table=\count86
\abovecaptionskip=\skip41
\belowcaptionskip=\skip42
\bibindent=\dimen102
)
(/usr/share/texlive/texmf-dist/tex/latex/amsmath/amsmath.sty
Package: amsmath 2016/03/03 v2.15a AMS math features
\@mathmargin=\skip43

For additional information on amsmath, use the `?' option.
(/usr/share/texlive/texmf-dist/tex/latex/amsmath/amstext.sty
Package: amstext 2000/06/29 v2.01 AMS text

(/usr/share/texlive/texmf-dist/tex/latex/amsmath/amsgen.sty
File: amsgen.sty 1999/11/30 v2.0 generic functions
\@emptytoks=\toks14
\ex@=\dimen103
))
(/usr/share/texlive/texmf-dist/tex/latex/amsmath/amsbsy.sty
Package: amsbsy 1999/11/29 v1.2d Bold Symbols
\pmbraise@=\dimen104
)
(/usr/share/texlive/texmf-dist/tex/latex/amsmath/amsopn.sty
Package: amsopn 1999/12/14 v2.01 operator names
)
\inf@bad=\count87
LaTeX Info: Redefining \frac on input line 199.
\uproot@=\count88
\leftroot@=\count89
LaTeX Info: Redefining \overline on input line 297.
\classnum@=\count90
\DOTSCASE@=\count91
LaTeX Info: Redefining \ldots on input line 394.
LaTeX Info: Redefining \dots on input line 397.
LaTeX Info: Redefining \cdots on input line 518.
\Mathstrutbox@=\box26
\strutbox@=\box27
\big@size=\dimen105
LaTeX Font Info:    Redeclaring font encoding OML on input line 630.
LaTeX Font Info:    Redeclaring font encoding OMS on input line 631.
\macc@depth=\count92
\c@MaxMatrixCols=\count93
\dotsspace@=\muskip10
\c@parentequation=\count94
\dspbrk@lvl=\count95
\tag@help=\toks15
\row@=\count96
\column@=\count97
\maxfields@=\count98
\andhelp@=\toks16
\eqnshift@=\dimen106
\alignsep@=\dimen107
\tagshift@=\dimen108
\tagwidth@=\dimen109
\totwidth@=\dimen110
\lineht@=\dimen111
\@envbody=\toks17
\multlinegap=\skip44
\multlinetaggap=\skip45
\mathdisplay@stack=\toks18
LaTeX Info: Redefining \[ on input line 2735.
LaTeX Info: Redefining \] on input line 2736.
)
(/usr/share/texlive/texmf-dist/tex/latex/amsfonts/amssymb.sty
Package: amssymb 2013/01/14 v3.01 AMS font symbols

(/usr/share/texlive/texmf-dist/tex/latex/amsfonts/amsfonts.sty
Package: amsfonts 2013/01/14 v3.01 Basic AMSFonts support
\symAMSa=\mathgroup4
\symAMSb=\mathgroup5
LaTeX Font Info:    Overwriting math alphabet `\mathfrak' in version `bold'
(Font)                  U/euf/m/n --> U/euf/b/n on input line 106.
))
(/usr/share/texlive/texmf-dist/tex/latex/amscls/amsthm.sty
Package: amsthm 2015/03/04 v2.20.2
\thm@style=\toks19
\thm@bodyfont=\toks20
\thm@headfont=\toks21
\thm@notefont=\toks22
\thm@headpunct=\toks23
\thm@preskip=\skip46
\thm@postskip=\skip47
\thm@headsep=\skip48
\dth@everypar=\toks24
) (./booktabs.sty
Package: booktabs 2005/04/14 v1.61803 publication quality tables
\heavyrulewidth=\dimen112
\lightrulewidth=\dimen113
\cmidrulewidth=\dimen114
\belowrulesep=\dimen115
\belowbottomsep=\dimen116
\aboverulesep=\dimen117
\abovetopsep=\dimen118
\cmidrulesep=\dimen119
\cmidrulekern=\dimen120
\defaultaddspace=\dimen121
\@cmidla=\count99
\@cmidlb=\count100
\@aboverulesep=\dimen122
\@belowrulesep=\dimen123
\@thisruleclass=\count101
\@lastruleclass=\count102
\@thisrulewidth=\dimen124
)
(./epsfig.sty
Package: epsfig 1999/02/16 v1.7a (e)psfig emulation (SPQR)
 (/usr/share/texlive/texmf-dist/tex/latex/graphics/graphicx.sty
Package: graphicx 2014/10/28 v1.0g Enhanced LaTeX Graphics (DPC,SPQR)

(/usr/share/texlive/texmf-dist/tex/latex/graphics/keyval.sty
Package: keyval 2014/10/28 v1.15 key=value parser (DPC)
\KV@toks@=\toks25
)
(/usr/share/texlive/texmf-dist/tex/latex/graphics/graphics.sty
Package: graphics 2016/01/03 v1.0q Standard LaTeX Graphics (DPC,SPQR)

(/usr/share/texlive/texmf-dist/tex/latex/graphics/trig.sty
Package: trig 2016/01/03 v1.10 sin cos tan (DPC)
)
(/usr/share/texlive/texmf-dist/tex/latex/latexconfig/graphics.cfg
File: graphics.cfg 2010/04/23 v1.9 graphics configuration of TeX Live
)
Package graphics Info: Driver file: pdftex.def on input line 95.

(/usr/share/texlive/texmf-dist/tex/latex/pdftex-def/pdftex.def
File: pdftex.def 2011/05/27 v0.06d Graphics/color for pdfTeX

(/usr/share/texlive/texmf-dist/tex/generic/oberdiek/infwarerr.sty
Package: infwarerr 2010/04/08 v1.3 Providing info/warning/error messages (HO)
)
(/usr/share/texlive/texmf-dist/tex/generic/oberdiek/ltxcmds.sty
Package: ltxcmds 2011/11/09 v1.22 LaTeX kernel commands for general use (HO)
)
\Gread@gobject=\count103
))
\Gin@req@height=\dimen125
\Gin@req@width=\dimen126
)
\epsfxsize=\dimen127
\epsfysize=\dimen128
)
(./rotating.sty
Package: rotating 1997/09/26, v2.13 Rotation package
 (/usr/share/texlive/texmf-dist/tex/latex/base/ifthen.sty
Package: ifthen 2014/09/29 v1.1c Standard LaTeX ifthen package (DPC)
)
\c@r@tfl@t=\count104
\rot@float@box=\box28
)
(/usr/share/texlive/texmf-dist/tex/latex/geometry/geometry.sty
Package: geometry 2010/09/12 v5.6 Page Geometry

(/usr/share/texlive/texmf-dist/tex/generic/oberdiek/ifpdf.sty
Package: ifpdf 2011/01/30 v2.3 Provides the ifpdf switch (HO)
Package ifpdf Info: pdfTeX in PDF mode is detected.
)
(/usr/share/texlive/texmf-dist/tex/generic/oberdiek/ifvtex.sty
Package: ifvtex 2010/03/01 v1.5 Detect VTeX and its facilities (HO)
Package ifvtex Info: VTeX not detected.
)
(/usr/share/texlive/texmf-dist/tex/generic/ifxetex/ifxetex.sty
Package: ifxetex 2010/09/12 v0.6 Provides ifxetex conditional
)
\Gm@cnth=\count105
\Gm@cntv=\count106
\c@Gm@tempcnt=\count107
\Gm@bindingoffset=\dimen129
\Gm@wd@mp=\dimen130
\Gm@odd@mp=\dimen131
\Gm@even@mp=\dimen132
\Gm@layoutwidth=\dimen133
\Gm@layoutheight=\dimen134
\Gm@layouthoffset=\dimen135
\Gm@layoutvoffset=\dimen136
\Gm@dimlist=\toks26
)
\c@mv@upright=\count108
\c@mv@boldupright=\count109
LaTeX Font Info:    Overwriting symbol font `letters' in version `upright'
(Font)                  OML/cmm/m/it --> OML/eur/m/n on input line 163.
LaTeX Font Info:    Overwriting symbol font `letters' in version `boldupright'
(Font)                  OML/cmm/m/it --> OML/eur/b/n on input line 164.
\figheight=\dimen137
\figwidth=\dimen138
\tabledim=\dimen139
\LabelSep=\dimen140
\TopSep=\skip49
)
(/usr/share/texlive/texmf-dist/tex/latex/oberdiek/epstopdf.sty
Package: epstopdf 2010/02/09 v2.5 Conversion with epstopdf on the fly (HO)

(/usr/share/texlive/texmf-dist/tex/latex/oberdiek/epstopdf-base.sty
Package: epstopdf-base 2010/02/09 v2.5 Base part for package epstopdf

(/usr/share/texlive/texmf-dist/tex/latex/oberdiek/grfext.sty
Package: grfext 2010/08/19 v1.1 Manage graphics extensions (HO)

(/usr/share/texlive/texmf-dist/tex/generic/oberdiek/kvdefinekeys.sty
Package: kvdefinekeys 2011/04/07 v1.3 Define keys (HO)
))
(/usr/share/texlive/texmf-dist/tex/latex/oberdiek/kvoptions.sty
Package: kvoptions 2011/06/30 v3.11 Key value format for package options (HO)

(/usr/share/texlive/texmf-dist/tex/generic/oberdiek/kvsetkeys.sty
Package: kvsetkeys 2012/04/25 v1.16 Key value parser (HO)

(/usr/share/texlive/texmf-dist/tex/generic/oberdiek/etexcmds.sty
Package: etexcmds 2011/02/16 v1.5 Avoid name clashes with e-TeX commands (HO)

(/usr/share/texlive/texmf-dist/tex/generic/oberdiek/ifluatex.sty
Package: ifluatex 2010/03/01 v1.3 Provides the ifluatex switch (HO)
Package ifluatex Info: LuaTeX not detected.
)
Package etexcmds Info: Could not find \expanded.
(etexcmds)             That can mean that you are not using pdfTeX 1.50 or
(etexcmds)             that some package has redefined \expanded.
(etexcmds)             In the latter case, load this package earlier.
)))
(/usr/share/texlive/texmf-dist/tex/generic/oberdiek/pdftexcmds.sty
Package: pdftexcmds 2011/11/29 v0.20 Utility functions of pdfTeX for LuaTeX (HO
)
Package pdftexcmds Info: LuaTeX not detected.
Package pdftexcmds Info: \pdf@primitive is available.
Package pdftexcmds Info: \pdf@ifprimitive is available.
Package pdftexcmds Info: \pdfdraftmode found.
)
Package grfext Info: Graphics extension search list:
(grfext)             [.png,.pdf,.jpg,.mps,.jpeg,.jbig2,.jb2,.PNG,.PDF,.JPG,.JPE
G,.JBIG2,.JB2,.eps]
(grfext)             \AppendGraphicsExtensions on input line 452.

(/usr/share/texlive/texmf-dist/tex/latex/latexconfig/epstopdf-sys.cfg
File: epstopdf-sys.cfg 2010/07/13 v1.3 Configuration of (r)epstopdf for TeX Liv
e
)))
(./subfigure.sty
Package: subfigure 2002/07/30 v2.1.4 subfigure package
\subfigtopskip=\skip50
\subfigcapskip=\skip51
\subfigcaptopadj=\dimen141
\subfigbottomskip=\skip52
\subfigcapmargin=\dimen142
\subfiglabelskip=\skip53
\c@subfigure=\count110
\c@lofdepth=\count111
\c@subtable=\count112
\c@lotdepth=\count113

****************************************
* Local config file subfigure.cfg used *
****************************************
(/usr/share/texlive/texmf-dist/tex/latex/subfigure/subfigure.cfg)
\subfig@top=\skip54
\subfig@bottom=\skip55
)
(/usr/share/texlive/texmf-dist/tex/latex/natbib/natbib.sty
Package: natbib 2010/09/13 8.31b (PWD, AO)
\bibhang=\skip56
\bibsep=\skip57
LaTeX Info: Redefining \cite on input line 694.
\c@NAT@ctr=\count114
)
(/usr/share/texlive/texmf-dist/tex/latex/base/latexsym.sty
Package: latexsym 1998/08/17 v2.2e Standard LaTeX package (lasy symbols)
\symlasy=\mathgroup6
LaTeX Font Info:    Overwriting symbol font `lasy' in version `bold'
(Font)                  U/lasy/m/n --> U/lasy/b/n on input line 52.
)
(/usr/share/texlive/texmf-dist/tex/latex/float/float.sty
Package: float 2001/11/08 v1.3d Float enhancements (AL)
\c@float@type=\count115
\float@exts=\toks27
\float@box=\box29
\@float@everytoks=\toks28
\@floatcapt=\box30
)
\@float@every@figure=\toks29

(/usr/share/texlive/texmf-dist/tex/latex/doublestroke/dsfont.sty
Package: dsfont 1995/08/01 v0.1 Double stroke roman fonts
)
(/usr/share/texlive/texmf-dist/tex/latex/jknapltx/mathrsfs.sty
Package: mathrsfs 1996/01/01 Math RSFS package v1.0 (jk)
\symrsfs=\mathgroup7
)
(/usr/share/texlive/texmf-dist/tex/latex/graphics/color.sty
Package: color 2016/01/03 v1.1b Standard LaTeX Color (DPC)

(/usr/share/texlive/texmf-dist/tex/latex/latexconfig/color.cfg
File: color.cfg 2007/01/18 v1.5 color configuration of teTeX/TeXLive
)
Package color Info: Driver file: pdftex.def on input line 143.
)
(/usr/share/texlive/texmf-dist/tex/latex/base/inputenc.sty
Package: inputenc 2015/03/17 v1.2c Input encoding file
\inpenc@prehook=\toks30
\inpenc@posthook=\toks31

(/usr/share/texlive/texmf-dist/tex/latex/base/latin1.def
File: latin1.def 2015/03/17 v1.2c Input encoding file
))
(/usr/share/texlive/texmf-dist/tex/latex/tools/enumerate.sty
Package: enumerate 2015/07/23 v3.00 enumerate extensions (DPC)
\@enLab=\toks32
)
(/usr/share/texlive/texmf-dist/tex/latex/sttools/flushend.sty
Package: flushend 2015/04/14 v3.1 Balancing columns in twocolumn mode
\flushend@@lastskip@a=\skip58
\flushend@@lastskip@b=\skip59
\flushend@@lastskip@c=\skip60
\flushend@@penalty@a=\count116
\flushend@@lastkern@a=\dimen143
\var@@temp@spread=\dimen144
\var@@temp@a=\dimen145
\flushend@@page@rule=\dimen146
\flushend@@varbox@a=\box31
\flushend@@varbox@c=\box32
\flushend@@tempbox@a=\box33
\flushend@@tempbox@c=\box34
\@viper=\box35
\hold@viper=\box36
\atColsBreak=\toks33
\atColsEnd=\toks34

(/usr/share/texlive/texmf-dist/tex/latex/etoolbox/etoolbox.sty
Package: etoolbox 2015/08/02 v2.2a e-TeX tools for LaTeX (JAW)
\etb@tempcnta=\count117
))
(/usr/share/texlive/texmf-dist/tex/latex/sttools/stfloats.sty
Package: stfloats 2016/02/08 v2.0 Improve float mechanism and baselineskip sett
ings
\@dblbotnum=\count118
\c@dblbotnumber=\count119
)
(/usr/share/texlive/texmf-dist/tex/latex/preprint/balance.sty
Package: balance 1999/02/23 4.3 (PWD)
\oldvsize=\dimen147
)
(/usr/share/texlive/texmf-dist/tex/latex/tools/tabularx.sty
Package: tabularx 2014/10/28 v2.10 `tabularx' package (DPC)

(/usr/share/texlive/texmf-dist/tex/latex/tools/array.sty
Package: array 2014/10/28 v2.4c Tabular extension package (FMi)
\col@sep=\dimen148
\extrarowheight=\dimen149
\NC@list=\toks35
\extratabsurround=\skip61
\backup@length=\skip62
)
\TX@col@width=\dimen150
\TX@old@table=\dimen151
\TX@old@col=\dimen152
\TX@target=\dimen153
\TX@delta=\dimen154
\TX@cols=\count120
\TX@ftn=\toks36
)
(/usr/share/texlive/texmf-dist/tex/latex/tools/bm.sty
Package: bm 2014/10/28 v1.1c Bold Symbol Support (DPC/FMi)
\symboldoperators=\mathgroup8
\symboldletters=\mathgroup9
\symboldsymbols=\mathgroup10
\symboldlasy=\mathgroup11
LaTeX Font Info:    Redeclaring math alphabet \mathbf on input line 141.
LaTeX Info: Redefining \bm on input line 207.
)
(/usr/share/texlive/texmf-dist/tex/latex/algorithm2e/algorithm2e.sty
Package: algorithm2e 2013/01/06 v5.00 algorithms environments
\c@AlgoLine=\count121
\algocf@hangindent=\skip63

(/usr/share/texlive/texmf-dist/tex/latex/tools/xspace.sty
Package: xspace 2014/10/28 v1.13 Space after command names (DPC,MH)
)
(/usr/share/texlive/texmf-dist/tex/latex/relsize/relsize.sty
Package: relsize 2013/03/29 ver 4.1
)
********************************************************
Package `algorithm2e' Release 5.1 -- october 19 2015 --
- algorithm2e-announce@lirmm.fr mailing list for announcement about releases
- algorithm2e-discussion@lirmm.fr mailing list for discussion about package
subscribe by emailing sympa@lirmm.fr with 'subscribe <list> <firstname name>'
- Author: Christophe Fiorio (christophe.fiorio@umontpellier.fr)
********************************************************
\skiptotal=\skip64
\skiplinenumber=\skip65
\skiprule=\skip66
\skiphlne=\skip67
\skiptext=\skip68
\skiplength=\skip69
\algomargin=\skip70
\skipalgocfslide=\skip71
\algowidth=\dimen155
\inoutsize=\dimen156
\inoutindent=\dimen157
\interspacetitleruled=\dimen158
\interspacealgoruled=\dimen159
\interspacetitleboxruled=\dimen160
\algocf@ruledwidth=\skip72
\algocf@inoutbox=\box37
\algocf@inputbox=\box38
\AlCapSkip=\skip73
\AlCapHSkip=\skip74
\algoskipindent=\skip75
\algocf@nlbox=\box39
\algocf@hangingbox=\box40
\algocf@untilbox=\box41
\algocf@skipuntil=\skip76
\algocf@capbox=\box42
\algoheightruledefault=\skip77
\algoheightrule=\skip78
\algotitleheightruledefault=\skip79
\algotitleheightrule=\skip80
\c@algocfline=\count122
\c@algocfproc=\count123
\c@algocf=\count124
\algocf@algoframe=\box43
\algocf@algobox=\box44
) (/usr/share/texlive/texmf-dist/tex/latex/algorithmicx/algcompatible.sty
Package: algcompatible 

(/usr/share/texlive/texmf-dist/tex/latex/algorithmicx/algorithmicx.sty
Package: algorithmicx 2005/04/27 v1.2 Algorithmicx

Document Style algorithmicx 1.2 - a greatly improved `algorithmic' style
\c@ALG@line=\count125
\c@ALG@rem=\count126
\c@ALG@nested=\count127
\ALG@tlm=\skip81
\ALG@thistlm=\skip82
\c@ALG@Lnr=\count128
\c@ALG@blocknr=\count129
\c@ALG@storecount=\count130
\c@ALG@tmpcounter=\count131
\ALG@tmplength=\skip83
)
Document Style - algorithmic compatible environments for the `algorithmicx' sty
le
)
\c@theorem=\count132
\c@algo=\count133
\c@remark=\count134
\c@notation=\count135
) (./SRoRM.aux)
\openout1 = `SRoRM.aux'.

LaTeX Font Info:    Checking defaults for OML/cmm/m/it on input line 9.
LaTeX Font Info:    ... okay on input line 9.
LaTeX Font Info:    Checking defaults for T1/cmr/m/n on input line 9.
LaTeX Font Info:    ... okay on input line 9.
LaTeX Font Info:    Checking defaults for OT1/cmr/m/n on input line 9.
LaTeX Font Info:    ... okay on input line 9.
LaTeX Font Info:    Checking defaults for OMS/cmsy/m/n on input line 9.
LaTeX Font Info:    ... okay on input line 9.
LaTeX Font Info:    Checking defaults for OMX/cmex/m/n on input line 9.
LaTeX Font Info:    ... okay on input line 9.
LaTeX Font Info:    Checking defaults for U/cmr/m/n on input line 9.
LaTeX Font Info:    ... okay on input line 9.
 (/usr/share/texlive/texmf-dist/tex/context/base/supp-pdf.mkii
[Loading MPS to PDF converter (version 2006.09.02).]
\scratchcounter=\count136
\scratchdimen=\dimen161
\scratchbox=\box45
\nofMPsegments=\count137
\nofMParguments=\count138
\everyMPshowfont=\toks37
\MPscratchCnt=\count139
\MPscratchDim=\dimen162
\MPnumerator=\count140
\makeMPintoPDFobject=\count141
\everyMPtoPDFconversion=\toks38
)
*geometry* driver: auto-detecting
*geometry* detected driver: pdftex
*geometry* verbose mode - [ preamble ] result:
* driver: pdftex
* paper: <default>
* layout: <same size as paper>
* layoutoffset:(h,v)=(0.0pt,0.0pt)
* modes: 
* h-part:(L,W,R)=(94.75394pt, 408.0pt, 94.75394pt)
* v-part:(T,H,B)=(78.01874pt, 650.0pt, 117.0281pt)
* \paperwidth=597.50787pt
* \paperheight=845.04684pt
* \textwidth=408.0pt
* \textheight=650.0pt
* \oddsidemargin=22.48395pt
* \evensidemargin=22.48395pt
* \topmargin=-31.25125pt
* \headheight=12.0pt
* \headsep=25.0pt
* \topskip=11.0pt
* \footskip=30.0pt
* \marginparwidth=50.0pt
* \marginparsep=10.0pt
* \columnsep=12.0pt
* \skip\footins=10.0pt plus 4.0pt minus 2.0pt
* \hoffset=0.0pt
* \voffset=0.0pt
* \mag=1000
* \@twocolumnfalse
* \@twosidefalse
* \@mparswitchfalse
* \@reversemarginfalse
* (1in=72.27pt=25.4mm, 1cm=28.453pt)


LaTeX Font Warning: Font shape `OT1/cmr/m/n' in size <13> not available
(Font)              size <12> substituted on input line 20.


LaTeX Font Warning: Font shape `OT1/cmr/bx/n' in size <13> not available
(Font)              size <12> substituted on input line 20.

LaTeX Font Info:    Calculating math sizes for size <11> on input line 20.

LaTeX Font Warning: Font shape `OT1/cmr/m/n' in size <5.5> not available
(Font)              size <5> substituted on input line 20.


LaTeX Font Warning: Font shape `OML/cmm/m/it' in size <5.5> not available
(Font)              size <5> substituted on input line 20.


LaTeX Font Warning: Font shape `OMS/cmsy/m/n' in size <5.5> not available
(Font)              size <5> substituted on input line 20.

LaTeX Font Info:    Try loading font information for U+msa on input line 20.
(/usr/share/texlive/texmf-dist/tex/latex/amsfonts/umsa.fd
File: umsa.fd 2013/01/14 v3.01 AMS symbols A
)
LaTeX Font Info:    Try loading font information for U+msb on input line 20.

(/usr/share/texlive/texmf-dist/tex/latex/amsfonts/umsb.fd
File: umsb.fd 2013/01/14 v3.01 AMS symbols B
)
LaTeX Font Info:    Try loading font information for U+lasy on input line 20.

(/usr/share/texlive/texmf-dist/tex/latex/base/ulasy.fd
File: ulasy.fd 1998/08/17 v2.2e LaTeX symbol font definitions
)

LaTeX Font Warning: Font shape `U/lasy/m/n' in size <5.5> not available
(Font)              size <5> substituted on input line 20.

LaTeX Font Info:    Try loading font information for U+rsfs on input line 20.
(/usr/share/texlive/texmf-dist/tex/latex/jknapltx/ursfs.fd
File: ursfs.fd 1998/03/24 rsfs font definition file (jk)
)

LaTeX Font Warning: Font shape `U/rsfs/m/n' in size <5.5> not available
(Font)              size <5> substituted on input line 20.


LaTeX Font Warning: Font shape `OT1/cmr/bx/n' in size <5.5> not available
(Font)              size <5> substituted on input line 20.


LaTeX Font Warning: Font shape `OML/cmm/b/it' in size <5.5> not available
(Font)              size <5> substituted on input line 20.


LaTeX Font Warning: Font shape `OMS/cmsy/b/n' in size <5.5> not available
(Font)              size <5> substituted on input line 20.

LaTeX Font Info:    Font shape `U/lasy/b/n' in size <7.69997> not available
(Font)              Font shape `U/lasy/m/n' tried instead on input line 20.
LaTeX Font Info:    Font shape `U/lasy/b/n' in size <5.5> not available
(Font)              Font shape `U/lasy/m/n' tried instead on input line 20.

LaTeX Font Warning: Font shape `U/lasy/m/n' in size <5.5> not available
(Font)              size <5> substituted on input line 20.

LaTeX Font Info:    Font shape `U/lasy/b/n' in size <7> not available
(Font)              Font shape `U/lasy/m/n' tried instead on input line 20.
LaTeX Font Info:    Font shape `U/lasy/b/n' in size <5> not available
(Font)              Font shape `U/lasy/m/n' tried instead on input line 20.
LaTeX Font Info:    Font shape `U/lasy/b/n' in size <8> not available
(Font)              Font shape `U/lasy/m/n' tried instead on input line 20.
LaTeX Font Info:    Font shape `U/lasy/b/n' in size <6> not available
(Font)              Font shape `U/lasy/m/n' tried instead on input line 20.

Underfull \hbox (badness 10000) in paragraph at lines 23--24
  
 []

[1



{/var/lib/texmf/fonts/map/pdftex/updmap/pdftex.map}] [2] [3]
Underfull \hbox (badness 10000) in paragraph at lines 114--116

 []

[4] [5]
Overfull \hbox (12.0pt too wide) detected at line 195
[][] 
 []

[6] [7] [8]
Underfull \hbox (badness 10000) in paragraph at lines 288--289

 []

[9]
Overfull \hbox (12.0pt too wide) detected at line 310
[][] 
 []

[10] [11] [12] (./SRoRM.bbl [13]) [14]
Underfull \hbox (badness 10000) in paragraph at lines 459--459
[]|\OT1/cmr/m/n/10.95 Mean
 []


Underfull \hbox (badness 10000) in paragraph at lines 459--459
[]|\OT1/cmr/m/n/10.95 Max
 []


Underfull \hbox (badness 10000) in paragraph at lines 459--459
[]|\OT1/cmr/m/n/10.95 Q50
 []


Underfull \hbox (badness 10000) in paragraph at lines 459--459
[]|\OT1/cmr/m/n/10.95 Q75
 []


Underfull \hbox (badness 10000) in paragraph at lines 459--459
[]|\OT1/cmr/m/n/10.95 Var
 []


Overfull \hbox (18.29854pt too wide) in paragraph at lines 485--485
[]|\OT1/cmr/m/n/10.95 Santa Rosa| 
 []

[15] <fig/Fig1grid4.png, id=72, 614.295pt x 794.97pt>
File: fig/Fig1grid4.png Graphic file (type png)
 <use fig/Fig1grid4.png>
Package pdftex.def Info: fig/Fig1grid4.png used on input line 494.
(pdftex.def)             Requested size: 326.40125pt x 422.39955pt.
Package epstopdf Info: Source file: <fig/SemivariogramNDVI225x2251.eps>
(epstopdf)                    date: 2017-12-24 18:39:46
(epstopdf)                    size: 56121 bytes
(epstopdf)             Output file: <fig/SemivariogramNDVI225x2251-eps-converte
d-to.pdf>
(epstopdf)                    date: 2017-12-24 18:39:50
(epstopdf)                    size: 26091 bytes
(epstopdf)             Command: <repstopdf --outfile=fig/SemivariogramNDVI225x2
251-eps-converted-to.pdf fig/SemivariogramNDVI225x2251.eps>
(epstopdf)             \includegraphics on input line 503.
Package epstopdf Info: Output file is already uptodate.

<fig/SemivariogramNDVI225x2251-eps-converted-to.pdf, id=74, 487.8225pt x 344.28
625pt>
File: fig/SemivariogramNDVI225x2251-eps-converted-to.pdf Graphic file (type pdf
)
 <use fig/SemivariogramNDVI225x2251-eps-converted-to.pdf>
Package pdftex.def Info: fig/SemivariogramNDVI225x2251-eps-converted-to.pdf use
d on input line 503.
(pdftex.def)             Requested size: 241.84842pt x 170.6875pt.
Package epstopdf Info: Source file: <fig/point50_160GG.eps>
(epstopdf)                    date: 2018-01-17 21:47:10
(epstopdf)                    size: 111487 bytes
(epstopdf)             Output file: <fig/point50_160GG-eps-converted-to.pdf>
(epstopdf)                    date: 2018-01-17 21:51:31
(epstopdf)                    size: 70758 bytes
(epstopdf)             Command: <repstopdf --outfile=fig/point50_160GG-eps-conv
erted-to.pdf fig/point50_160GG.eps>
(epstopdf)             \includegraphics on input line 511.
Package epstopdf Info: Output file is already uptodate.

<fig/point50_160GG-eps-converted-to.pdf, id=75, 619.31375pt x 707.64375pt>
File: fig/point50_160GG-eps-converted-to.pdf Graphic file (type pdf)

<use fig/point50_160GG-eps-converted-to.pdf>
Package pdftex.def Info: fig/point50_160GG-eps-converted-to.pdf used on input l
ine 511.
(pdftex.def)             Requested size: 326.40125pt x 372.96544pt.
Package epstopdf Info: Source file: <fig/point200_20GG.eps>
(epstopdf)                    date: 2018-01-17 21:40:39
(epstopdf)                    size: 111690 bytes
(epstopdf)             Output file: <fig/point200_20GG-eps-converted-to.pdf>
(epstopdf)                    date: 2018-01-17 21:51:32
(epstopdf)                    size: 71895 bytes
(epstopdf)             Command: <repstopdf --outfile=fig/point200_20GG-eps-conv
erted-to.pdf fig/point200_20GG.eps>
(epstopdf)             \includegraphics on input line 522.
Package epstopdf Info: Output file is already uptodate.

<fig/point200_20GG-eps-converted-to.pdf, id=76, 619.31375pt x 707.64375pt>
File: fig/point200_20GG-eps-converted-to.pdf Graphic file (type pdf)

<use fig/point200_20GG-eps-converted-to.pdf>
Package pdftex.def Info: fig/point200_20GG-eps-converted-to.pdf used on input l
ine 522.
(pdftex.def)             Requested size: 326.40125pt x 372.96544pt.
Package epstopdf Info: Source file: <fig/point50_160KrigingGG.eps>
(epstopdf)                    date: 2018-01-17 21:50:29
(epstopdf)                    size: 111495 bytes
(epstopdf)             Output file: <fig/point50_160KrigingGG-eps-converted-to.
pdf>
(epstopdf)                    date: 2018-01-17 21:51:32
(epstopdf)                    size: 71602 bytes
(epstopdf)             Command: <repstopdf --outfile=fig/point50_160KrigingGG-e
ps-converted-to.pdf fig/point50_160KrigingGG.eps>
(epstopdf)             \includegraphics on input line 532.
Package epstopdf Info: Output file is already uptodate.

<fig/point50_160KrigingGG-eps-converted-to.pdf, id=77, 619.31375pt x 707.64375p
t>
File: fig/point50_160KrigingGG-eps-converted-to.pdf Graphic file (type pdf)
 <use fig/point50_160KrigingGG-eps-converted-to.pdf>
Package pdftex.def Info: fig/point50_160KrigingGG-eps-converted-to.pdf used on 
input line 532.
(pdftex.def)             Requested size: 326.40125pt x 372.96544pt.
Package epstopdf Info: Source file: <fig/point200_20KrigingGG.eps>
(epstopdf)                    date: 2018-01-17 21:50:39
(epstopdf)                    size: 111830 bytes
(epstopdf)             Output file: <fig/point200_20KrigingGG-eps-converted-to.
pdf>
(epstopdf)                    date: 2018-01-17 21:51:33
(epstopdf)                    size: 71259 bytes
(epstopdf)             Command: <repstopdf --outfile=fig/point200_20KrigingGG-e
ps-converted-to.pdf fig/point200_20KrigingGG.eps>
(epstopdf)             \includegraphics on input line 543.
Package epstopdf Info: Output file is already uptodate.

<fig/point200_20KrigingGG-eps-converted-to.pdf, id=78, 619.31375pt x 707.64375p
t>
File: fig/point200_20KrigingGG-eps-converted-to.pdf Graphic file (type pdf)
 <use fig/point200_20KrigingGG-eps-converted-to.pdf>
Package pdftex.def Info: fig/point200_20KrigingGG-eps-converted-to.pdf used on 
input line 543.
(pdftex.def)             Requested size: 326.40125pt x 372.96544pt.
Package epstopdf Info: Source file: <fig/NDVI_ANUSPLINE.eps>
(epstopdf)                    date: 2018-01-17 23:01:41
(epstopdf)                    size: 145208 bytes
(epstopdf)             Output file: <fig/NDVI_ANUSPLINE-eps-converted-to.pdf>
(epstopdf)                    date: 2018-01-17 23:09:24
(epstopdf)                    size: 100968 bytes
(epstopdf)             Command: <repstopdf --outfile=fig/NDVI_ANUSPLINE-eps-con
verted-to.pdf fig/NDVI_ANUSPLINE.eps>
(epstopdf)             \includegraphics on input line 556.
Package epstopdf Info: Output file is already uptodate.

<fig/NDVI_ANUSPLINE-eps-converted-to.pdf, id=79, 1055.945pt x 462.72874pt>
File: fig/NDVI_ANUSPLINE-eps-converted-to.pdf Graphic file (type pdf)

<use fig/NDVI_ANUSPLINE-eps-converted-to.pdf>
Package pdftex.def Info: fig/NDVI_ANUSPLINE-eps-converted-to.pdf used on input 
line 556.
(pdftex.def)             Requested size: 408.0pt x 178.7901pt.
Package epstopdf Info: Source file: <fig/AreaweightArapa0.eps>
(epstopdf)                    date: 2018-01-17 23:05:08
(epstopdf)                    size: 28382 bytes
(epstopdf)             Output file: <fig/AreaweightArapa0-eps-converted-to.pdf>

(epstopdf)                    date: 2018-01-17 23:09:24
(epstopdf)                    size: 13601 bytes
(epstopdf)             Command: <repstopdf --outfile=fig/AreaweightArapa0-eps-c
onverted-to.pdf fig/AreaweightArapa0.eps>
(epstopdf)             \includegraphics on input line 567.
Package epstopdf Info: Output file is already uptodate.

<fig/AreaweightArapa0-eps-converted-to.pdf, id=80, 595.22375pt x 399.4925pt>
File: fig/AreaweightArapa0-eps-converted-to.pdf Graphic file (type pdf)

<use fig/AreaweightArapa0-eps-converted-to.pdf>
Package pdftex.def Info: fig/AreaweightArapa0-eps-converted-to.pdf used on inpu
t line 567.
(pdftex.def)             Requested size: 204.0pt x 136.91678pt.
Package epstopdf Info: Source file: <fig/AreaweightCapachica0.eps>
(epstopdf)                    date: 2018-01-17 23:05:58
(epstopdf)                    size: 28023 bytes
(epstopdf)             Output file: <fig/AreaweightCapachica0-eps-converted-to.
pdf>
(epstopdf)                    date: 2018-01-17 23:09:25
(epstopdf)                    size: 13067 bytes
(epstopdf)             Command: <repstopdf --outfile=fig/AreaweightCapachica0-e
ps-converted-to.pdf fig/AreaweightCapachica0.eps>
(epstopdf)             \includegraphics on input line 568.
Package epstopdf Info: Output file is already uptodate.

<fig/AreaweightCapachica0-eps-converted-to.pdf, id=81, 596.2275pt x 398.48875pt
>
File: fig/AreaweightCapachica0-eps-converted-to.pdf Graphic file (type pdf)
 <use fig/AreaweightCapachica0-eps-converted-to.pdf>
Package pdftex.def Info: fig/AreaweightCapachica0-eps-converted-to.pdf used on 
input line 568.
(pdftex.def)             Requested size: 204.0pt x 136.34172pt.
Package epstopdf Info: Source file: <fig/AreaweightChuquibambilla0.eps>
(epstopdf)                    date: 2018-01-17 23:07:19
(epstopdf)                    size: 28195 bytes
(epstopdf)             Output file: <fig/AreaweightChuquibambilla0-eps-converte
d-to.pdf>
(epstopdf)                    date: 2018-01-17 23:09:25
(epstopdf)                    size: 13533 bytes
(epstopdf)             Command: <repstopdf --outfile=fig/AreaweightChuquibambil
la0-eps-converted-to.pdf fig/AreaweightChuquibambilla0.eps>
(epstopdf)             \includegraphics on input line 569.
Package epstopdf Info: Output file is already uptodate.

<fig/AreaweightChuquibambilla0-eps-converted-to.pdf, id=82, 595.22375pt x 398.4
8875pt>
File: fig/AreaweightChuquibambilla0-eps-converted-to.pdf Graphic file (type pdf
)
 <use fig/AreaweightChuquibambilla0-eps-converted-to.pdf>
Package pdftex.def Info: fig/AreaweightChuquibambilla0-eps-converted-to.pdf use
d on input line 569.
(pdftex.def)             Requested size: 204.0pt x 136.57277pt.
Package epstopdf Info: Source file: <fig/AreaweightLampa0.eps>
(epstopdf)                    date: 2018-01-17 23:08:14
(epstopdf)                    size: 28564 bytes
(epstopdf)             Output file: <fig/AreaweightLampa0-eps-converted-to.pdf>

(epstopdf)                    date: 2018-01-17 23:09:25
(epstopdf)                    size: 13388 bytes
(epstopdf)             Command: <repstopdf --outfile=fig/AreaweightLampa0-eps-c
onverted-to.pdf fig/AreaweightLampa0.eps>
(epstopdf)             \includegraphics on input line 570.
Package epstopdf Info: Output file is already uptodate.

<fig/AreaweightLampa0-eps-converted-to.pdf, id=83, 593.21625pt x 399.4925pt>
File: fig/AreaweightLampa0-eps-converted-to.pdf Graphic file (type pdf)

<use fig/AreaweightLampa0-eps-converted-to.pdf>
Package pdftex.def Info: fig/AreaweightLampa0-eps-converted-to.pdf used on inpu
t line 570.
(pdftex.def)             Requested size: 204.0pt x 137.38007pt.
Package epstopdf Info: Source file: <fig/AreaweightMunani0.eps>
(epstopdf)                    date: 2018-01-17 23:04:05
(epstopdf)                    size: 29567 bytes
(epstopdf)             Output file: <fig/AreaweightMunani0-eps-converted-to.pdf
>
(epstopdf)                    date: 2018-01-17 23:09:26
(epstopdf)                    size: 14630 bytes
(epstopdf)             Command: <repstopdf --outfile=fig/AreaweightMunani0-eps-
converted-to.pdf fig/AreaweightMunani0.eps>
(epstopdf)             \includegraphics on input line 571.
Package epstopdf Info: Output file is already uptodate.

<fig/AreaweightMunani0-eps-converted-to.pdf, id=84, 595.22375pt x 397.485pt>
File: fig/AreaweightMunani0-eps-converted-to.pdf Graphic file (type pdf)

<use fig/AreaweightMunani0-eps-converted-to.pdf>
Package pdftex.def Info: fig/AreaweightMunani0-eps-converted-to.pdf used on inp
ut line 571.
(pdftex.def)             Requested size: 204.0pt x 136.22876pt.
Package epstopdf Info: Source file: <fig/AreaweightProgreso0.eps>
(epstopdf)                    date: 2018-01-17 23:09:18
(epstopdf)                    size: 29367 bytes
(epstopdf)             Output file: <fig/AreaweightProgreso0-eps-converted-to.p
df>
(epstopdf)                    date: 2018-01-17 23:09:26
(epstopdf)                    size: 14293 bytes
(epstopdf)             Command: <repstopdf --outfile=fig/AreaweightProgreso0-ep
s-converted-to.pdf fig/AreaweightProgreso0.eps>
(epstopdf)             \includegraphics on input line 572.
Package epstopdf Info: Output file is already uptodate.

<fig/AreaweightProgreso0-eps-converted-to.pdf, id=85, 593.21625pt x 398.48875pt
>
File: fig/AreaweightProgreso0-eps-converted-to.pdf Graphic file (type pdf)
 <use fig/AreaweightProgreso0-eps-converted-to.pdf>
Package pdftex.def Info: fig/AreaweightProgreso0-eps-converted-to.pdf used on i
nput line 572.
(pdftex.def)             Requested size: 204.0pt x 137.0349pt.
Package epstopdf Info: Source file: <fig/colorbar.eps>
(epstopdf)                    date: 2017-12-18 23:23:52
(epstopdf)                    size: 1324699 bytes
(epstopdf)             Output file: <fig/colorbar-eps-converted-to.pdf>
(epstopdf)                    date: 2017-12-18 23:24:32
(epstopdf)                    size: 69640 bytes
(epstopdf)             Command: <repstopdf --outfile=fig/colorbar-eps-converted
-to.pdf fig/colorbar.eps>
(epstopdf)             \includegraphics on input line 573.
Package epstopdf Info: Output file is already uptodate.

<fig/colorbar-eps-converted-to.pdf, id=86, 912.40875pt x 68.255pt>
File: fig/colorbar-eps-converted-to.pdf Graphic file (type pdf)

<use fig/colorbar-eps-converted-to.pdf>
Package pdftex.def Info: fig/colorbar-eps-converted-to.pdf used on input line 5
73.
(pdftex.def)             Requested size: 326.40125pt x 24.4166pt.

<fig/ComparisonNDVIscaling1_1_1999EE.png, id=87, 1170.2922pt x 263.7855pt>
File: fig/ComparisonNDVIscaling1_1_1999EE.png Graphic file (type png)

<use fig/ComparisonNDVIscaling1_1_1999EE.png>
Package pdftex.def Info: fig/ComparisonNDVIscaling1_1_1999EE.png used on input 
line 583.
(pdftex.def)             Requested size: 530.40125pt x 119.55568pt.

Overfull \hbox (64.58504pt too wide) in paragraph at lines 583--583
 | [] 
 []

<fig/ComparisonNDVIscaling27_5_2000EE.png, id=88, 1170.2922pt x 263.7855pt>
File: fig/ComparisonNDVIscaling27_5_2000EE.png Graphic file (type png)

<use fig/ComparisonNDVIscaling27_5_2000EE.png>
Package pdftex.def Info: fig/ComparisonNDVIscaling27_5_2000EE.png used on input
 line 584.
(pdftex.def)             Requested size: 530.40125pt x 119.55568pt.

Overfull \hbox (64.58504pt too wide) in paragraph at lines 584--584
 []| [] 
 []

<fig/ComparisonNDVIscaling9_1_2002EE.png, id=89, 1170.2922pt x 263.7855pt>
File: fig/ComparisonNDVIscaling9_1_2002EE.png Graphic file (type png)

<use fig/ComparisonNDVIscaling9_1_2002EE.png>
Package pdftex.def Info: fig/ComparisonNDVIscaling9_1_2002EE.png used on input 
line 585.
(pdftex.def)             Requested size: 530.40125pt x 119.55568pt.

Overfull \hbox (64.58504pt too wide) in paragraph at lines 585--585
 []| [] 
 []

<fig/ComparisonNDVIscaling6_12_2006EE.png, id=90, 1170.2922pt x 263.5446pt>
File: fig/ComparisonNDVIscaling6_12_2006EE.png Graphic file (type png)

<use fig/ComparisonNDVIscaling6_12_2006EE.png>
Package pdftex.def Info: fig/ComparisonNDVIscaling6_12_2006EE.png used on input
 line 586.
(pdftex.def)             Requested size: 530.40125pt x 119.44649pt.

Overfull \hbox (64.58504pt too wide) in paragraph at lines 586--588
 []| [] 
 []

Package epstopdf Info: Source file: <fig/TimeSeriesComparisonPucara.eps>
(epstopdf)                    date: 2017-12-24 14:57:42
(epstopdf)                    size: 145445 bytes
(epstopdf)             Output file: <fig/TimeSeriesComparisonPucara-eps-convert
ed-to.pdf>
(epstopdf)                    date: 2017-12-24 14:58:05
(epstopdf)                    size: 66774 bytes
(epstopdf)             Command: <repstopdf --outfile=fig/TimeSeriesComparisonPu
cara-eps-converted-to.pdf fig/TimeSeriesComparisonPucara.eps>
(epstopdf)             \includegraphics on input line 594.
Package epstopdf Info: Output file is already uptodate.

<fig/TimeSeriesComparisonPucara-eps-converted-to.pdf, id=91, 1278.7775pt x 668.
4975pt>
File: fig/TimeSeriesComparisonPucara-eps-converted-to.pdf Graphic file (type pd
f)
 <use fig/TimeSeriesComparisonPucara-eps-converted-to.pdf>
Package pdftex.def Info: fig/TimeSeriesComparisonPucara-eps-converted-to.pdf us
ed on input line 594.
(pdftex.def)             Requested size: 408.0pt x 213.29114pt.
Package epstopdf Info: Source file: <fig/TimeSeriesComparisonSantaRosa.eps>
(epstopdf)                    date: 2017-12-24 14:57:18
(epstopdf)                    size: 145981 bytes
(epstopdf)             Output file: <fig/TimeSeriesComparisonSantaRosa-eps-conv
erted-to.pdf>
(epstopdf)                    date: 2017-12-24 14:58:05
(epstopdf)                    size: 67281 bytes
(epstopdf)             Command: <repstopdf --outfile=fig/TimeSeriesComparisonSa
ntaRosa-eps-converted-to.pdf fig/TimeSeriesComparisonSantaRosa.eps>
(epstopdf)             \includegraphics on input line 595.
Package epstopdf Info: Output file is already uptodate.

<fig/TimeSeriesComparisonSantaRosa-eps-converted-to.pdf, id=92, 1276.77pt x 668
.4975pt>
File: fig/TimeSeriesComparisonSantaRosa-eps-converted-to.pdf Graphic file (type
 pdf)
 <use fig/TimeSeriesComparisonSantaRosa-eps-converted-to.pdf>
Package pdftex.def Info: fig/TimeSeriesComparisonSantaRosa-eps-converted-to.pdf
 used on input line 595.
(pdftex.def)             Requested size: 408.0pt x 213.61755pt.
Package epstopdf Info: Source file: <fig/ECDFcomparisonPucaraN2.eps>
(epstopdf)                    date: 2017-12-24 14:53:18
(epstopdf)                    size: 156505 bytes
(epstopdf)             Output file: <fig/ECDFcomparisonPucaraN2-eps-converted-t
o.pdf>
(epstopdf)                    date: 2017-12-24 14:54:33
(epstopdf)                    size: 99235 bytes
(epstopdf)             Command: <repstopdf --outfile=fig/ECDFcomparisonPucaraN2
-eps-converted-to.pdf fig/ECDFcomparisonPucaraN2.eps>
(epstopdf)             \includegraphics on input line 602.
Package epstopdf Info: Output file is already uptodate.

<fig/ECDFcomparisonPucaraN2-eps-converted-to.pdf, id=93, 1085.05376pt x 471.762
5pt>
File: fig/ECDFcomparisonPucaraN2-eps-converted-to.pdf Graphic file (type pdf)
 <use fig/ECDFcomparisonPucaraN2-eps-converted-to.pdf>
Package pdftex.def Info: fig/ECDFcomparisonPucaraN2-eps-converted-to.pdf used o
n input line 602.
(pdftex.def)             Requested size: 408.0pt x 177.39279pt.
Package epstopdf Info: Source file: <fig/ECDFcomparisonSantaRosaN2.eps>
(epstopdf)                    date: 2017-12-24 14:54:19
(epstopdf)                    size: 155383 bytes
(epstopdf)             Output file: <fig/ECDFcomparisonSantaRosaN2-eps-converte
d-to.pdf>
(epstopdf)                    date: 2017-12-24 14:54:34
(epstopdf)                    size: 99062 bytes
(epstopdf)             Command: <repstopdf --outfile=fig/ECDFcomparisonSantaRos
aN2-eps-converted-to.pdf fig/ECDFcomparisonSantaRosaN2.eps>
(epstopdf)             \includegraphics on input line 603.
Package epstopdf Info: Output file is already uptodate.

<fig/ECDFcomparisonSantaRosaN2-eps-converted-to.pdf, id=94, 1091.07625pt x 471.
7625pt>
File: fig/ECDFcomparisonSantaRosaN2-eps-converted-to.pdf Graphic file (type pdf
)
 <use fig/ECDFcomparisonSantaRosaN2-eps-converted-to.pdf>
Package pdftex.def Info: fig/ECDFcomparisonSantaRosaN2-eps-converted-to.pdf use
d on input line 603.
(pdftex.def)             Requested size: 408.0pt x 176.4138pt.
 [16 <./fig/Fig1grid4.png>] [17 <./fig/SemivariogramNDVI225x2251-eps-converted-
to.pdf> <./fig/point50_160GG-eps-converted-to.pdf>] [18 <./fig/point200_20GG-ep
s-converted-to.pdf>] [19 <./fig/point50_160KrigingGG-eps-converted-to.pdf>] [20
 <./fig/point200_20KrigingGG-eps-converted-to.pdf>] [21 <./fig/NDVI_ANUSPLINE-e
ps-converted-to.pdf>] [22 <./fig/AreaweightArapa0-eps-converted-to.pdf> <./fig/
AreaweightCapachica0-eps-converted-to.pdf> <./fig/AreaweightChuquibambilla0-eps
-converted-to.pdf> <./fig/AreaweightLampa0-eps-converted-to.pdf> <./fig/Areawei
ghtMunani0-eps-converted-to.pdf> <./fig/AreaweightProgreso0-eps-converted-to.pd
f> <./fig/colorbar-eps-converted-to.pdf>] [23 <./fig/ComparisonNDVIscaling1_1_1
999EE.png> <./fig/ComparisonNDVIscaling27_5_2000EE.png> <./fig/ComparisonNDVIsc
aling9_1_2002EE.png> <./fig/ComparisonNDVIscaling6_12_2006EE.png>] [24 <./fig/T
imeSeriesComparisonPucara-eps-converted-to.pdf> <./fig/TimeSeriesComparisonSant
aRosa-eps-converted-to.pdf>] [25 <./fig/ECDFcomparisonPucaraN2-eps-converted-to
.pdf> <./fig/ECDFcomparisonSantaRosaN2-eps-converted-to.pdf>] (./SRoRM.aux)

LaTeX Font Warning: Size substitutions with differences
(Font)              up to 2.25pt have occurred.

 )
(\end occurred inside a group at level 1)

### simple group (level 1) entered at line 61 ({)
### bottom level 
Here is how much of TeX's memory you used:
 6438 strings out of 493029
 92244 string characters out of 6136234
 185289 words of memory out of 5000000
 9764 multiletter control sequences out of 15000+600000
 23537 words of font info for 96 fonts, out of 8000000 for 9000
 1141 hyphenation exceptions out of 8191
 44i,14n,28p,2565b,476s stack positions out of 5000i,500n,10000p,200000b,80000s
</usr/share/texlive/texmf-dist/fonts/type1/public/amsfonts/cm/c
mbx10.pfb></usr/share/texlive/texmf-dist/fonts/type1/public/amsfonts/cm/cmbx12.
pfb></usr/share/texlive/texmf-dist/fonts/type1/public/amsfonts/cm/cmbx8.pfb></u
sr/share/texlive/texmf-dist/fonts/type1/public/amsfonts/cm/cmbx9.pfb></usr/shar
e/texlive/texmf-dist/fonts/type1/public/amsfonts/cm/cmbxti10.pfb></usr/share/te
xlive/texmf-dist/fonts/type1/public/amsfonts/cm/cmex10.pfb></usr/share/texlive/
texmf-dist/fonts/type1/public/amsfonts/cm/cmmi10.pfb></usr/share/texlive/texmf-
dist/fonts/type1/public/amsfonts/cm/cmmi5.pfb></usr/share/texlive/texmf-dist/fo
nts/type1/public/amsfonts/cm/cmmi8.pfb></usr/share/texlive/texmf-dist/fonts/typ
e1/public/amsfonts/cm/cmmib10.pfb></usr/share/texlive/texmf-dist/fonts/type1/pu
blic/amsfonts/cmextra/cmmib8.pfb></usr/share/texlive/texmf-dist/fonts/type1/pub
lic/amsfonts/cm/cmr10.pfb></usr/share/texlive/texmf-dist/fonts/type1/public/ams
fonts/cm/cmr5.pfb></usr/share/texlive/texmf-dist/fonts/type1/public/amsfonts/cm
/cmr6.pfb></usr/share/texlive/texmf-dist/fonts/type1/public/amsfonts/cm/cmr7.pf
b></usr/share/texlive/texmf-dist/fonts/type1/public/amsfonts/cm/cmr8.pfb></usr/
share/texlive/texmf-dist/fonts/type1/public/amsfonts/cm/cmr9.pfb></usr/share/te
xlive/texmf-dist/fonts/type1/public/amsfonts/cm/cmsy10.pfb></usr/share/texlive/
texmf-dist/fonts/type1/public/amsfonts/cm/cmsy5.pfb></usr/share/texlive/texmf-d
ist/fonts/type1/public/amsfonts/cm/cmsy8.pfb></usr/share/texlive/texmf-dist/fon
ts/type1/public/amsfonts/cm/cmti10.pfb></usr/share/texlive/texmf-dist/fonts/typ
e1/public/amsfonts/symbols/msbm10.pfb>
Output written on SRoRM.pdf (25 pages, 23488477 bytes).
PDF statistics:
 429 PDF objects out of 1000 (max. 8388607)
 197 compressed objects within 2 object streams
 0 named destinations out of 1000 (max. 500000)
 111 words of extra memory for PDF output out of 10000 (max. 10000000)

